<?xml version="1.0" encoding="UTF-8"?>
<!-- Generated by org.testng.reporters.JUnitReportReporter -->
<testsuite hostname="madhavareddy-macbookpro3.roam.corp.google.com" name="com.y18.cMonthMarch7.tests.LoginAmzTC" tests="2" failures="0" timestamp="12 Mar 2018 18:46:25 GMT" time="7.817" errors="0">
  <testcase name="loginTpAmz" time="5.275" classname="com.y18.cMonthMarch7.tests.LoginAmzTC"/>
  <testcase name="accessMainPage" time="2.542" classname="com.y18.cMonthMarch7.tests.LoginAmzTC"/>
</testsuite> <!-- com.y18.cMonthMarch7.tests.LoginAmzTC -->
