<?xml version="1.0" encoding="UTF-8"?>
<!-- Generated by org.testng.reporters.JUnitReportReporter -->
<testsuite hostname="madhavareddy-macbookpro3.roam.corp.google.com" name="com.y18.cMonthMarch7.tests.LoginAmzTC" tests="2" failures="0" timestamp="10 Mar 2018 04:24:32 GMT" time="3.479" errors="0">
  <testcase name="loginTpAmz" time="2.894" classname="com.y18.cMonthMarch7.tests.LoginAmzTC"/>
  <testcase name="accessMainPage" time="0.585" classname="com.y18.cMonthMarch7.tests.LoginAmzTC"/>
</testsuite> <!-- com.y18.cMonthMarch7.tests.LoginAmzTC -->
