<?xml version="1.0" encoding="UTF-8"?>
<!-- Generated by org.testng.reporters.JUnitReportReporter -->
<testsuite hostname="madhavareddy-macbookpro3.roam.corp.google.com" name="com.y18.cMonthMarch7.tests.LoginAmzTC" tests="2" failures="0" timestamp="27 Apr 2018 21:06:41 GMT" time="4.417" errors="0">
  <testcase name="loginTpAmz" time="3.708" classname="com.y18.cMonthMarch7.tests.LoginAmzTC"/>
  <testcase name="accessMainPage" time="0.709" classname="com.y18.cMonthMarch7.tests.LoginAmzTC"/>
</testsuite> <!-- com.y18.cMonthMarch7.tests.LoginAmzTC -->
