<?xml version="1.0" encoding="UTF-8"?>
<!-- Generated by org.testng.reporters.JUnitReportReporter -->
<testsuite skipped="0" hostname="madhavareddy-macbookpro3.roam.corp.google.com" name="com.y18.e2eProject.tests.UITests" tests="3" failures="0" timestamp="03 May 2018 00:11:39 GMT" time="12.902" errors="0">
  <testcase name="startBrowser" time="2.226" classname="com.y18.e2eProject.tests.UITests"/>
  <testcase name="statePage" time="3.195" classname="com.y18.e2eProject.tests.UITests"/>
  <testcase name="dynamicPage" time="7.481" classname="com.y18.e2eProject.tests.UITests"/>
</testsuite> <!-- com.y18.e2eProject.tests.UITests -->
