<?xml version="1.0" encoding="UTF-8"?>
<!-- Generated by org.testng.reporters.JUnitReportReporter -->
<testsuite skipped="0" hostname="madhavareddy-macbookpro3.roam.corp.google.com" name="com.y18.e2eProject.tests.UITests" tests="2" failures="0" timestamp="28 Mar 2018 23:13:54 GMT" time="14.249" errors="0">
  <testcase name="startBrowser" time="6.050" classname="com.y18.e2eProject.tests.UITests"/>
  <testcase name="selectRadio" time="8.199" classname="com.y18.e2eProject.tests.UITests"/>
</testsuite> <!-- com.y18.e2eProject.tests.UITests -->
