<?xml version="1.0" encoding="UTF-8"?>
<!-- Generated by org.testng.reporters.JUnitReportReporter -->
<testsuite skipped="0" hostname="madhavareddy-macbookpro3.roam.corp.google.com" name="com.y18.e2eProject.tests.UITests" tests="3" failures="0" timestamp="03 Jun 2018 14:42:32 GMT" time="11.257" errors="0">
  <testcase name="startBrowser" time="1.526" classname="com.y18.e2eProject.tests.UITests"/>
  <testcase name="statePage" time="2.808" classname="com.y18.e2eProject.tests.UITests"/>
  <testcase name="dynamicPage" time="6.923" classname="com.y18.e2eProject.tests.UITests"/>
</testsuite> <!-- com.y18.e2eProject.tests.UITests -->
