<?xml version="1.0" encoding="UTF-8"?>
<!-- Generated by org.testng.reporters.JUnitReportReporter -->
<testsuite hostname="madhavareddy-macbookpro3.roam.corp.google.com" name="com.y18.cMonthMarch12.tests.LoginTestM12" tests="2" failures="0" timestamp="19 Mar 2018 18:34:27 GMT" time="8.368" errors="0">
  <testcase name="verifyCreateList" time="1.623" classname="com.y18.cMonthMarch12.tests.LoginTestM12"/>
  <testcase name="verifyLogin" time="6.745" classname="com.y18.cMonthMarch12.tests.LoginTestM12"/>
</testsuite> <!-- com.y18.cMonthMarch12.tests.LoginTestM12 -->
